{"C:\\Users\\fabio\\OneDrive\\Documents\\GitHub\\Ouvidoria-digital\\apps\\api\\src\\app.ts": {"path":"C:\\Users\\fabio\\OneDrive\\Documents\\GitHub\\Ouvidoria-digital\\apps\\api\\src\\app.ts","statementMap":{"0":{"start":{"line":16,"column":12},"end":{"line":16,"column":null}},"1":{"start":{"line":18,"column":0},"end":{"line":18,"column":null}},"2":{"start":{"line":19,"column":0},"end":{"line":19,"column":null}},"3":{"start":{"line":20,"column":0},"end":{"line":20,"column":null}},"4":{"start":{"line":21,"column":0},"end":{"line":21,"column":null}},"5":{"start":{"line":22,"column":0},"end":{"line":22,"column":null}}},"fnMap":{},"branchMap":{},"s":{"0":1,"1":1,"2":1,"3":1,"4":1,"5":1},"f":{},"b":{},"meta":{"lastBranch":0,"lastFunction":0,"lastStatement":6,"seen":{"s:16:12:16:Infinity":0,"s:18:0:18:Infinity":1,"s:19:0:19:Infinity":2,"s:20:0:20:Infinity":3,"s:21:0:21:Infinity":4,"s:22:0:22:Infinity":5}}}
,"C:\\Users\\fabio\\OneDrive\\Documents\\GitHub\\Ouvidoria-digital\\apps\\api\\src\\global.d.ts": {"path":"C:\\Users\\fabio\\OneDrive\\Documents\\GitHub\\Ouvidoria-digital\\apps\\api\\src\\global.d.ts","statementMap":{},"fnMap":{},"branchMap":{},"s":{},"f":{},"b":{},"meta":{"lastBranch":0,"lastFunction":0,"lastStatement":0,"seen":{}}}
,"C:\\Users\\fabio\\OneDrive\\Documents\\GitHub\\Ouvidoria-digital\\apps\\api\\src\\index.ts": {"path":"C:\\Users\\fabio\\OneDrive\\Documents\\GitHub\\Ouvidoria-digital\\apps\\api\\src\\index.ts","statementMap":{"0":{"start":{"line":6,"column":12},"end":{"line":6,"column":null}},"1":{"start":{"line":9,"column":0},"end":{"line":9,"column":null}},"2":{"start":{"line":9,"column":24},"end":{"line":9,"column":38}},"3":{"start":{"line":12,"column":0},"end":{"line":12,"column":null}},"4":{"start":{"line":12,"column":20},"end":{"line":12,"column":51}},"5":{"start":{"line":15,"column":0},"end":{"line":18,"column":null}},"6":{"start":{"line":16,"column":15},"end":{"line":16,"column":null}},"7":{"start":{"line":17,"column":2},"end":{"line":17,"column":null}},"8":{"start":{"line":21,"column":0},"end":{"line":26,"column":null}},"9":{"start":{"line":25,"column":9},"end":{"line":25,"column":null}}},"fnMap":{"0":{"name":"(anonymous_0)","decl":{"start":{"line":9,"column":17},"end":{"line":9,"column":18}},"loc":{"start":{"line":9,"column":24},"end":{"line":9,"column":38}},"line":9},"1":{"name":"(anonymous_1)","decl":{"start":{"line":12,"column":13},"end":{"line":12,"column":14}},"loc":{"start":{"line":12,"column":20},"end":{"line":12,"column":51}},"line":12},"2":{"name":"(anonymous_2)","decl":{"start":{"line":15,"column":31},"end":{"line":15,"column":32}},"loc":{"start":{"line":15,"column":38},"end":{"line":18,"column":1}},"line":15},"3":{"name":"(anonymous_3)","decl":{"start":{"line":25,"column":2},"end":{"line":25,"column":3}},"loc":{"start":{"line":25,"column":9},"end":{"line":25,"column":null}},"line":25}},"branchMap":{},"s":{"0":0,"1":0,"2":0,"3":0,"4":0,"5":0,"6":0,"7":0,"8":0,"9":0},"f":{"0":0,"1":0,"2":0,"3":0},"b":{},"meta":{"lastBranch":0,"lastFunction":4,"lastStatement":10,"seen":{"s:6:12:6:Infinity":0,"s:9:0:9:Infinity":1,"f:9:17:9:18":0,"s:9:24:9:38":2,"s:12:0:12:Infinity":3,"f:12:13:12:14":1,"s:12:20:12:51":4,"s:15:0:18:Infinity":5,"f:15:31:15:32":2,"s:16:15:16:Infinity":6,"s:17:2:17:Infinity":7,"s:21:0:26:Infinity":8,"f:25:2:25:3":3,"s:25:9:25:Infinity":9}}}
,"C:\\Users\\fabio\\OneDrive\\Documents\\GitHub\\Ouvidoria-digital\\apps\\api\\src\\middleware\\authMiddleware.ts": {"path":"C:\\Users\\fabio\\OneDrive\\Documents\\GitHub\\Ouvidoria-digital\\apps\\api\\src\\middleware\\authMiddleware.ts","statementMap":{"0":{"start":{"line":4,"column":49},"end":{"line":15,"column":null}},"1":{"start":{"line":5,"column":16},"end":{"line":5,"column":null}},"2":{"start":{"line":6,"column":2},"end":{"line":6,"column":null}},"3":{"start":{"line":6,"column":14},"end":{"line":6,"column":null}},"4":{"start":{"line":8,"column":2},"end":{"line":14,"column":null}},"5":{"start":{"line":9,"column":20},"end":{"line":9,"column":null}},"6":{"start":{"line":10,"column":4},"end":{"line":10,"column":null}},"7":{"start":{"line":11,"column":4},"end":{"line":11,"column":null}},"8":{"start":{"line":13,"column":4},"end":{"line":13,"column":null}},"9":{"start":{"line":17,"column":27},"end":{"line":25,"column":null}},"10":{"start":{"line":18,"column":2},"end":{"line":24,"column":null}},"11":{"start":{"line":19,"column":17},"end":{"line":19,"column":null}},"12":{"start":{"line":20,"column":4},"end":{"line":22,"column":null}},"13":{"start":{"line":21,"column":6},"end":{"line":21,"column":null}},"14":{"start":{"line":23,"column":4},"end":{"line":23,"column":null}}},"fnMap":{"0":{"name":"(anonymous_0)","decl":{"start":{"line":4,"column":49},"end":{"line":4,"column":56}},"loc":{"start":{"line":4,"column":68},"end":{"line":15,"column":null}},"line":4},"1":{"name":"(anonymous_1)","decl":{"start":{"line":17,"column":27},"end":{"line":17,"column":28}},"loc":{"start":{"line":17,"column":67},"end":{"line":25,"column":null}},"line":17},"2":{"name":"(anonymous_2)","decl":{"start":{"line":18,"column":9},"end":{"line":18,"column":16}},"loc":{"start":{"line":18,"column":28},"end":{"line":24,"column":null}},"line":18}},"branchMap":{"0":{"loc":{"start":{"line":6,"column":2},"end":{"line":6,"column":null}},"type":"if","locations":[{"start":{"line":6,"column":2},"end":{"line":6,"column":null}},{"start":{},"end":{}}],"line":6},"1":{"loc":{"start":{"line":20,"column":4},"end":{"line":22,"column":null}},"type":"if","locations":[{"start":{"line":20,"column":4},"end":{"line":22,"column":null}},{"start":{},"end":{}}],"line":20}},"s":{"0":1,"1":0,"2":0,"3":0,"4":0,"5":0,"6":0,"7":0,"8":0,"9":1,"10":1,"11":0,"12":0,"13":0,"14":0},"f":{"0":0,"1":1,"2":0},"b":{"0":[0,0],"1":[0,0]},"meta":{"lastBranch":2,"lastFunction":3,"lastStatement":15,"seen":{"s:4:49:15:Infinity":0,"f:4:49:4:56":0,"s:5:16:5:Infinity":1,"b:6:2:6:Infinity:undefined:undefined:undefined:undefined":0,"s:6:2:6:Infinity":2,"s:6:14:6:Infinity":3,"s:8:2:14:Infinity":4,"s:9:20:9:Infinity":5,"s:10:4:10:Infinity":6,"s:11:4:11:Infinity":7,"s:13:4:13:Infinity":8,"s:17:27:25:Infinity":9,"f:17:27:17:28":1,"s:18:2:24:Infinity":10,"f:18:9:18:16":2,"s:19:17:19:Infinity":11,"b:20:4:22:Infinity:undefined:undefined:undefined:undefined":1,"s:20:4:22:Infinity":12,"s:21:6:21:Infinity":13,"s:23:4:23:Infinity":14}}}
,"C:\\Users\\fabio\\OneDrive\\Documents\\GitHub\\Ouvidoria-digital\\apps\\api\\src\\middleware\\rateLimit.ts": {"path":"C:\\Users\\fabio\\OneDrive\\Documents\\GitHub\\Ouvidoria-digital\\apps\\api\\src\\middleware\\rateLimit.ts","statementMap":{"0":{"start":{"line":3,"column":23},"end":{"line":3,"column":null}},"1":{"start":{"line":4,"column":21},"end":{"line":4,"column":null}},"2":{"start":{"line":6,"column":25},"end":{"line":29,"column":null}},"3":{"start":{"line":7,"column":2},"end":{"line":28,"column":null}},"4":{"start":{"line":8,"column":15},"end":{"line":8,"column":null}},"5":{"start":{"line":9,"column":16},"end":{"line":9,"column":null}},"6":{"start":{"line":10,"column":16},"end":{"line":10,"column":null}},"7":{"start":{"line":11,"column":20},"end":{"line":11,"column":null}},"8":{"start":{"line":12,"column":4},"end":{"line":18,"column":null}},"9":{"start":{"line":13,"column":6},"end":{"line":15,"column":null}},"10":{"start":{"line":16,"column":6},"end":{"line":16,"column":null}},"11":{"start":{"line":17,"column":6},"end":{"line":17,"column":null}},"12":{"start":{"line":20,"column":4},"end":{"line":22,"column":null}},"13":{"start":{"line":21,"column":6},"end":{"line":21,"column":null}},"14":{"start":{"line":24,"column":4},"end":{"line":26,"column":null}},"15":{"start":{"line":27,"column":4},"end":{"line":27,"column":null}}},"fnMap":{"0":{"name":"(anonymous_0)","decl":{"start":{"line":6,"column":25},"end":{"line":6,"column":50}},"loc":{"start":{"line":6,"column":50},"end":{"line":29,"column":null}},"line":6},"1":{"name":"(anonymous_1)","decl":{"start":{"line":7,"column":9},"end":{"line":7,"column":16}},"loc":{"start":{"line":7,"column":28},"end":{"line":28,"column":null}},"line":7}},"branchMap":{"0":{"loc":{"start":{"line":8,"column":15},"end":{"line":8,"column":null}},"type":"binary-expr","locations":[{"start":{"line":8,"column":15},"end":{"line":8,"column":51}},{"start":{"line":8,"column":51},"end":{"line":8,"column":86}},{"start":{"line":8,"column":86},"end":{"line":8,"column":null}}],"line":8},"1":{"loc":{"start":{"line":12,"column":4},"end":{"line":18,"column":null}},"type":"if","locations":[{"start":{"line":12,"column":4},"end":{"line":18,"column":null}},{"start":{},"end":{}}],"line":12},"2":{"loc":{"start":{"line":12,"column":8},"end":{"line":12,"column":41}},"type":"binary-expr","locations":[{"start":{"line":12,"column":8},"end":{"line":12,"column":20}},{"start":{"line":12,"column":20},"end":{"line":12,"column":41}}],"line":12},"3":{"loc":{"start":{"line":20,"column":4},"end":{"line":22,"column":null}},"type":"if","locations":[{"start":{"line":20,"column":4},"end":{"line":22,"column":null}},{"start":{},"end":{}}],"line":20}},"s":{"0":0,"1":0,"2":0,"3":0,"4":0,"5":0,"6":0,"7":0,"8":0,"9":0,"10":0,"11":0,"12":0,"13":0,"14":0,"15":0},"f":{"0":0,"1":0},"b":{"0":[0,0,0],"1":[0,0],"2":[0,0],"3":[0,0]},"meta":{"lastBranch":4,"lastFunction":2,"lastStatement":16,"seen":{"s:3:23:3:Infinity":0,"s:4:21:4:Infinity":1,"s:6:25:29:Infinity":2,"f:6:25:6:50":0,"s:7:2:28:Infinity":3,"f:7:9:7:16":1,"s:8:15:8:Infinity":4,"b:8:15:8:51:8:51:8:86:8:86:8:Infinity":0,"s:9:16:9:Infinity":5,"s:10:16:10:Infinity":6,"s:11:20:11:Infinity":7,"b:12:4:18:Infinity:undefined:undefined:undefined:undefined":1,"s:12:4:18:Infinity":8,"b:12:8:12:20:12:20:12:41":2,"s:13:6:15:Infinity":9,"s:16:6:16:Infinity":10,"s:17:6:17:Infinity":11,"b:20:4:22:Infinity:undefined:undefined:undefined:undefined":3,"s:20:4:22:Infinity":12,"s:21:6:21:Infinity":13,"s:24:4:26:Infinity":14,"s:27:4:27:Infinity":15}}}
,"C:\\Users\\fabio\\OneDrive\\Documents\\GitHub\\Ouvidoria-digital\\apps\\api\\src\\routes\\auth.ts": {"path":"C:\\Users\\fabio\\OneDrive\\Documents\\GitHub\\Ouvidoria-digital\\apps\\api\\src\\routes\\auth.ts","statementMap":{"0":{"start":{"line":7,"column":20},"end":{"line":7,"column":null}},"1":{"start":{"line":10,"column":20},"end":{"line":13,"column":null}},"2":{"start":{"line":15,"column":0},"end":{"line":39,"column":null}},"3":{"start":{"line":16,"column":15},"end":{"line":16,"column":null}},"4":{"start":{"line":17,"column":17},"end":{"line":17,"column":null}},"5":{"start":{"line":18,"column":2},"end":{"line":18,"column":null}},"6":{"start":{"line":18,"column":23},"end":{"line":18,"column":null}},"7":{"start":{"line":20,"column":27},"end":{"line":20,"column":null}},"8":{"start":{"line":22,"column":17},"end":{"line":24,"column":null}},"9":{"start":{"line":26,"column":2},"end":{"line":26,"column":null}},"10":{"start":{"line":26,"column":15},"end":{"line":26,"column":null}},"11":{"start":{"line":28,"column":8},"end":{"line":28,"column":null}},"12":{"start":{"line":29,"column":2},"end":{"line":29,"column":null}},"13":{"start":{"line":29,"column":14},"end":{"line":29,"column":null}},"14":{"start":{"line":31,"column":16},"end":{"line":36,"column":null}},"15":{"start":{"line":38,"column":2},"end":{"line":38,"column":null}}},"fnMap":{"0":{"name":"(anonymous_0)","decl":{"start":{"line":15,"column":20},"end":{"line":15,"column":27}},"loc":{"start":{"line":15,"column":33},"end":{"line":39,"column":1}},"line":15}},"branchMap":{"0":{"loc":{"start":{"line":18,"column":2},"end":{"line":18,"column":null}},"type":"if","locations":[{"start":{"line":18,"column":2},"end":{"line":18,"column":null}},{"start":{},"end":{}}],"line":18},"1":{"loc":{"start":{"line":26,"column":2},"end":{"line":26,"column":null}},"type":"if","locations":[{"start":{"line":26,"column":2},"end":{"line":26,"column":null}},{"start":{},"end":{}}],"line":26},"2":{"loc":{"start":{"line":29,"column":2},"end":{"line":29,"column":null}},"type":"if","locations":[{"start":{"line":29,"column":2},"end":{"line":29,"column":null}},{"start":{},"end":{}}],"line":29}},"s":{"0":1,"1":1,"2":1,"3":1,"4":1,"5":1,"6":0,"7":1,"8":1,"9":1,"10":0,"11":1,"12":1,"13":0,"14":1,"15":1},"f":{"0":1},"b":{"0":[0,1],"1":[0,1],"2":[0,1]},"meta":{"lastBranch":3,"lastFunction":1,"lastStatement":16,"seen":{"s:7:20:7:Infinity":0,"s:10:20:13:Infinity":1,"s:15:0:39:Infinity":2,"f:15:20:15:27":0,"s:16:15:16:Infinity":3,"s:17:17:17:Infinity":4,"b:18:2:18:Infinity:undefined:undefined:undefined:undefined":0,"s:18:2:18:Infinity":5,"s:18:23:18:Infinity":6,"s:20:27:20:Infinity":7,"s:22:17:24:Infinity":8,"b:26:2:26:Infinity:undefined:undefined:undefined:undefined":1,"s:26:2:26:Infinity":9,"s:26:15:26:Infinity":10,"s:28:8:28:Infinity":11,"b:29:2:29:Infinity:undefined:undefined:undefined:undefined":2,"s:29:2:29:Infinity":12,"s:29:14:29:Infinity":13,"s:31:16:36:Infinity":14,"s:38:2:38:Infinity":15}}}
,"C:\\Users\\fabio\\OneDrive\\Documents\\GitHub\\Ouvidoria-digital\\apps\\api\\src\\routes\\health.ts": {"path":"C:\\Users\\fabio\\OneDrive\\Documents\\GitHub\\Ouvidoria-digital\\apps\\api\\src\\routes\\health.ts","statementMap":{"0":{"start":{"line":3,"column":22},"end":{"line":3,"column":null}},"1":{"start":{"line":5,"column":0},"end":{"line":5,"column":null}},"2":{"start":{"line":5,"column":23},"end":{"line":5,"column":35}}},"fnMap":{"0":{"name":"(anonymous_0)","decl":{"start":{"line":5,"column":16},"end":{"line":5,"column":17}},"loc":{"start":{"line":5,"column":23},"end":{"line":5,"column":35}},"line":5}},"branchMap":{},"s":{"0":1,"1":1,"2":0},"f":{"0":0},"b":{},"meta":{"lastBranch":0,"lastFunction":1,"lastStatement":3,"seen":{"s:3:22:3:Infinity":0,"s:5:0:5:Infinity":1,"f:5:16:5:17":0,"s:5:23:5:35":2}}}
,"C:\\Users\\fabio\\OneDrive\\Documents\\GitHub\\Ouvidoria-digital\\apps\\api\\src\\routes\\notificar.ts": {"path":"C:\\Users\\fabio\\OneDrive\\Documents\\GitHub\\Ouvidoria-digital\\apps\\api\\src\\routes\\notificar.ts","statementMap":{"0":{"start":{"line":3,"column":18},"end":{"line":3,"column":null}},"1":{"start":{"line":5,"column":0},"end":{"line":12,"column":null}},"2":{"start":{"line":6,"column":16},"end":{"line":6,"column":null}},"3":{"start":{"line":7,"column":2},"end":{"line":7,"column":null}},"4":{"start":{"line":7,"column":14},"end":{"line":7,"column":null}},"5":{"start":{"line":8,"column":2},"end":{"line":8,"column":null}},"6":{"start":{"line":8,"column":42},"end":{"line":8,"column":null}},"7":{"start":{"line":11,"column":2},"end":{"line":11,"column":null}}},"fnMap":{"0":{"name":"(anonymous_0)","decl":{"start":{"line":5,"column":20},"end":{"line":5,"column":27}},"loc":{"start":{"line":5,"column":33},"end":{"line":12,"column":1}},"line":5}},"branchMap":{"0":{"loc":{"start":{"line":6,"column":16},"end":{"line":6,"column":null}},"type":"binary-expr","locations":[{"start":{"line":6,"column":16},"end":{"line":6,"column":48}},{"start":{"line":6,"column":48},"end":{"line":6,"column":null}}],"line":6},"1":{"loc":{"start":{"line":7,"column":2},"end":{"line":7,"column":null}},"type":"if","locations":[{"start":{"line":7,"column":2},"end":{"line":7,"column":null}},{"start":{},"end":{}}],"line":7},"2":{"loc":{"start":{"line":8,"column":2},"end":{"line":8,"column":null}},"type":"if","locations":[{"start":{"line":8,"column":2},"end":{"line":8,"column":null}},{"start":{},"end":{}}],"line":8}},"s":{"0":1,"1":1,"2":1,"3":1,"4":1,"5":0,"6":0,"7":0},"f":{"0":1},"b":{"0":[1,1],"1":[1,0],"2":[0,0]},"meta":{"lastBranch":3,"lastFunction":1,"lastStatement":8,"seen":{"s:3:18:3:Infinity":0,"s:5:0:12:Infinity":1,"f:5:20:5:27":0,"s:6:16:6:Infinity":2,"b:6:16:6:48:6:48:6:Infinity":0,"b:7:2:7:Infinity:undefined:undefined:undefined:undefined":1,"s:7:2:7:Infinity":3,"s:7:14:7:Infinity":4,"b:8:2:8:Infinity:undefined:undefined:undefined:undefined":2,"s:8:2:8:Infinity":5,"s:8:42:8:Infinity":6,"s:11:2:11:Infinity":7}}}
,"C:\\Users\\fabio\\OneDrive\\Documents\\GitHub\\Ouvidoria-digital\\apps\\api\\src\\routes\\relatorios.ts": {"path":"C:\\Users\\fabio\\OneDrive\\Documents\\GitHub\\Ouvidoria-digital\\apps\\api\\src\\routes\\relatorios.ts","statementMap":{"0":{"start":{"line":5,"column":19},"end":{"line":5,"column":null}},"1":{"start":{"line":7,"column":0},"end":{"line":7,"column":null}},"2":{"start":{"line":9,"column":0},"end":{"line":20,"column":null}},"3":{"start":{"line":10,"column":22},"end":{"line":12,"column":null}},"4":{"start":{"line":14,"column":14},"end":{"line":17,"column":null}},"5":{"start":{"line":16,"column":33},"end":{"line":16,"column":61}},"6":{"start":{"line":19,"column":2},"end":{"line":19,"column":null}}},"fnMap":{"0":{"name":"(anonymous_0)","decl":{"start":{"line":9,"column":23},"end":{"line":9,"column":30}},"loc":{"start":{"line":9,"column":36},"end":{"line":20,"column":1}},"line":9},"1":{"name":"(anonymous_1)","decl":{"start":{"line":16,"column":19},"end":{"line":16,"column":20}},"loc":{"start":{"line":16,"column":33},"end":{"line":16,"column":61}},"line":16}},"branchMap":{"0":{"loc":{"start":{"line":15,"column":16},"end":{"line":15,"column":32}},"type":"binary-expr","locations":[{"start":{"line":15,"column":16},"end":{"line":15,"column":30}},{"start":{"line":15,"column":30},"end":{"line":15,"column":32}}],"line":15}},"s":{"0":1,"1":1,"2":1,"3":0,"4":0,"5":0,"6":0},"f":{"0":0,"1":0},"b":{"0":[0,0]},"meta":{"lastBranch":1,"lastFunction":2,"lastStatement":7,"seen":{"s:5:19:5:Infinity":0,"s:7:0:7:Infinity":1,"s:9:0:20:Infinity":2,"f:9:23:9:30":0,"s:10:22:12:Infinity":3,"s:14:14:17:Infinity":4,"b:15:16:15:30:15:30:15:32":0,"f:16:19:16:20":1,"s:16:33:16:61":5,"s:19:2:19:Infinity":6}}}
,"C:\\Users\\fabio\\OneDrive\\Documents\\GitHub\\Ouvidoria-digital\\apps\\api\\src\\routes\\tickets.ts": {"path":"C:\\Users\\fabio\\OneDrive\\Documents\\GitHub\\Ouvidoria-digital\\apps\\api\\src\\routes\\tickets.ts","statementMap":{"0":{"start":{"line":8,"column":16},"end":{"line":8,"column":null}},"1":{"start":{"line":10,"column":0},"end":{"line":24,"column":null}},"2":{"start":{"line":11,"column":36},"end":{"line":11,"column":null}},"3":{"start":{"line":13,"column":8},"end":{"line":13,"column":null}},"4":{"start":{"line":15,"column":26},"end":{"line":15,"column":null}},"5":{"start":{"line":17,"column":2},"end":{"line":21,"column":null}},"6":{"start":{"line":23,"column":2},"end":{"line":23,"column":null}}},"fnMap":{"0":{"name":"(anonymous_0)","decl":{"start":{"line":10,"column":58},"end":{"line":10,"column":65}},"loc":{"start":{"line":10,"column":71},"end":{"line":24,"column":1}},"line":10}},"branchMap":{"0":{"loc":{"start":{"line":15,"column":26},"end":{"line":15,"column":null}},"type":"binary-expr","locations":[{"start":{"line":15,"column":26},"end":{"line":15,"column":36}},{"start":{"line":15,"column":36},"end":{"line":15,"column":null}}],"line":15}},"s":{"0":1,"1":1,"2":1,"3":1,"4":1,"5":1,"6":1},"f":{"0":1},"b":{"0":[1,1]},"meta":{"lastBranch":1,"lastFunction":1,"lastStatement":7,"seen":{"s:8:16:8:Infinity":0,"s:10:0:24:Infinity":1,"f:10:58:10:65":0,"s:11:36:11:Infinity":2,"s:13:8:13:Infinity":3,"s:15:26:15:Infinity":4,"b:15:26:15:36:15:36:15:Infinity":0,"s:17:2:21:Infinity":5,"s:23:2:23:Infinity":6}}}
,"C:\\Users\\fabio\\OneDrive\\Documents\\GitHub\\Ouvidoria-digital\\apps\\api\\src\\routes\\users.ts": {"path":"C:\\Users\\fabio\\OneDrive\\Documents\\GitHub\\Ouvidoria-digital\\apps\\api\\src\\routes\\users.ts","statementMap":{"0":{"start":{"line":5,"column":21},"end":{"line":5,"column":null}},"1":{"start":{"line":7,"column":19},"end":{"line":12,"column":null}},"2":{"start":{"line":14,"column":0},"end":{"line":22,"column":null}},"3":{"start":{"line":18,"column":17},"end":{"line":18,"column":null}},"4":{"start":{"line":20,"column":4},"end":{"line":20,"column":null}}},"fnMap":{"0":{"name":"(anonymous_0)","decl":{"start":{"line":17,"column":2},"end":{"line":17,"column":9}},"loc":{"start":{"line":17,"column":15},"end":{"line":21,"column":null}},"line":17}},"branchMap":{},"s":{"0":0,"1":0,"2":0,"3":0,"4":0},"f":{"0":0},"b":{},"meta":{"lastBranch":0,"lastFunction":1,"lastStatement":5,"seen":{"s:5:21:5:Infinity":0,"s:7:19:12:Infinity":1,"s:14:0:22:Infinity":2,"f:17:2:17:9":0,"s:18:17:18:Infinity":3,"s:20:4:20:Infinity":4}}}
,"C:\\Users\\fabio\\OneDrive\\Documents\\GitHub\\Ouvidoria-digital\\apps\\api\\src\\schemas\\ai.ts": {"path":"C:\\Users\\fabio\\OneDrive\\Documents\\GitHub\\Ouvidoria-digital\\apps\\api\\src\\schemas\\ai.ts","statementMap":{"0":{"start":{"line":3,"column":38},"end":{"line":8,"column":null}},"1":{"start":{"line":10,"column":32},"end":{"line":10,"column":null}}},"fnMap":{},"branchMap":{},"s":{"0":1,"1":1},"f":{},"b":{},"meta":{"lastBranch":0,"lastFunction":0,"lastStatement":2,"seen":{"s:3:38:8:Infinity":0,"s:10:32:10:Infinity":1}}}
,"C:\\Users\\fabio\\OneDrive\\Documents\\GitHub\\Ouvidoria-digital\\apps\\api\\src\\schemas\\auth.ts": {"path":"C:\\Users\\fabio\\OneDrive\\Documents\\GitHub\\Ouvidoria-digital\\apps\\api\\src\\schemas\\auth.ts","statementMap":{},"fnMap":{},"branchMap":{},"s":{},"f":{},"b":{},"meta":{"lastBranch":0,"lastFunction":0,"lastStatement":0,"seen":{}}}
,"C:\\Users\\fabio\\OneDrive\\Documents\\GitHub\\Ouvidoria-digital\\apps\\api\\src\\schemas\\n8n.ts": {"path":"C:\\Users\\fabio\\OneDrive\\Documents\\GitHub\\Ouvidoria-digital\\apps\\api\\src\\schemas\\n8n.ts","statementMap":{},"fnMap":{},"branchMap":{},"s":{},"f":{},"b":{},"meta":{"lastBranch":0,"lastFunction":0,"lastStatement":0,"seen":{}}}
,"C:\\Users\\fabio\\OneDrive\\Documents\\GitHub\\Ouvidoria-digital\\apps\\api\\src\\schemas\\ticket.ts": {"path":"C:\\Users\\fabio\\OneDrive\\Documents\\GitHub\\Ouvidoria-digital\\apps\\api\\src\\schemas\\ticket.ts","statementMap":{"0":{"start":{"line":3,"column":34},"end":{"line":7,"column":null}}},"fnMap":{},"branchMap":{},"s":{"0":1},"f":{},"b":{},"meta":{"lastBranch":0,"lastFunction":0,"lastStatement":1,"seen":{"s:3:34:7:Infinity":0}}}
,"C:\\Users\\fabio\\OneDrive\\Documents\\GitHub\\Ouvidoria-digital\\apps\\api\\src\\services\\openai.ts": {"path":"C:\\Users\\fabio\\OneDrive\\Documents\\GitHub\\Ouvidoria-digital\\apps\\api\\src\\services\\openai.ts","statementMap":{"0":{"start":{"line":12,"column":30},"end":{"line":42,"column":null}},"1":{"start":{"line":13,"column":17},"end":{"line":13,"column":null}},"2":{"start":{"line":14,"column":19},"end":{"line":28,"column":null}},"3":{"start":{"line":30,"column":2},"end":{"line":32,"column":null}},"4":{"start":{"line":31,"column":4},"end":{"line":31,"column":null}},"5":{"start":{"line":34,"column":15},"end":{"line":34,"column":null}},"6":{"start":{"line":35,"column":18},"end":{"line":35,"column":null}},"7":{"start":{"line":36,"column":21},"end":{"line":39,"column":null}},"8":{"start":{"line":41,"column":2},"end":{"line":41,"column":null}},"9":{"start":{"line":44,"column":32},"end":{"line":69,"column":null}},"10":{"start":{"line":45,"column":17},"end":{"line":45,"column":null}},"11":{"start":{"line":46,"column":19},"end":{"line":60,"column":null}},"12":{"start":{"line":62,"column":2},"end":{"line":64,"column":null}},"13":{"start":{"line":63,"column":4},"end":{"line":63,"column":null}},"14":{"start":{"line":66,"column":15},"end":{"line":66,"column":null}},"15":{"start":{"line":67,"column":18},"end":{"line":67,"column":null}},"16":{"start":{"line":68,"column":2},"end":{"line":68,"column":null}}},"fnMap":{"0":{"name":"(anonymous_0)","decl":{"start":{"line":12,"column":30},"end":{"line":12,"column":37}},"loc":{"start":{"line":12,"column":74},"end":{"line":42,"column":null}},"line":12},"1":{"name":"(anonymous_1)","decl":{"start":{"line":44,"column":32},"end":{"line":44,"column":39}},"loc":{"start":{"line":44,"column":76},"end":{"line":69,"column":null}},"line":44}},"branchMap":{"0":{"loc":{"start":{"line":30,"column":2},"end":{"line":32,"column":null}},"type":"if","locations":[{"start":{"line":30,"column":2},"end":{"line":32,"column":null}},{"start":{},"end":{}}],"line":30},"1":{"loc":{"start":{"line":35,"column":18},"end":{"line":35,"column":null}},"type":"binary-expr","locations":[{"start":{"line":35,"column":18},"end":{"line":35,"column":79}},{"start":{"line":35,"column":79},"end":{"line":35,"column":null}}],"line":35},"2":{"loc":{"start":{"line":62,"column":2},"end":{"line":64,"column":null}},"type":"if","locations":[{"start":{"line":62,"column":2},"end":{"line":64,"column":null}},{"start":{},"end":{}}],"line":62},"3":{"loc":{"start":{"line":67,"column":18},"end":{"line":67,"column":null}},"type":"binary-expr","locations":[{"start":{"line":67,"column":18},"end":{"line":67,"column":65}},{"start":{"line":67,"column":65},"end":{"line":67,"column":null}}],"line":67}},"s":{"0":1,"1":1,"2":1,"3":1,"4":0,"5":1,"6":1,"7":1,"8":1,"9":1,"10":0,"11":0,"12":0,"13":0,"14":0,"15":0,"16":0},"f":{"0":1,"1":0},"b":{"0":[0,1],"1":[1,0],"2":[0,0],"3":[0,0]},"meta":{"lastBranch":4,"lastFunction":2,"lastStatement":17,"seen":{"s:12:30:42:Infinity":0,"f:12:30:12:37":0,"s:13:17:13:Infinity":1,"s:14:19:28:Infinity":2,"b:30:2:32:Infinity:undefined:undefined:undefined:undefined":0,"s:30:2:32:Infinity":3,"s:31:4:31:Infinity":4,"s:34:15:34:Infinity":5,"s:35:18:35:Infinity":6,"b:35:18:35:79:35:79:35:Infinity":1,"s:36:21:39:Infinity":7,"s:41:2:41:Infinity":8,"s:44:32:69:Infinity":9,"f:44:32:44:39":1,"s:45:17:45:Infinity":10,"s:46:19:60:Infinity":11,"b:62:2:64:Infinity:undefined:undefined:undefined:undefined":2,"s:62:2:64:Infinity":12,"s:63:4:63:Infinity":13,"s:66:15:66:Infinity":14,"s:67:18:67:Infinity":15,"b:67:18:67:65:67:65:67:Infinity":3,"s:68:2:68:Infinity":16}}}
,"C:\\Users\\fabio\\OneDrive\\Documents\\GitHub\\Ouvidoria-digital\\apps\\api\\src\\types\\hono.ts": {"path":"C:\\Users\\fabio\\OneDrive\\Documents\\GitHub\\Ouvidoria-digital\\apps\\api\\src\\types\\hono.ts","statementMap":{},"fnMap":{},"branchMap":{},"s":{},"f":{},"b":{},"meta":{"lastBranch":0,"lastFunction":0,"lastStatement":0,"seen":{}}}
,"C:\\Users\\fabio\\OneDrive\\Documents\\GitHub\\Ouvidoria-digital\\apps\\api\\src\\types\\types.ts": {"path":"C:\\Users\\fabio\\OneDrive\\Documents\\GitHub\\Ouvidoria-digital\\apps\\api\\src\\types\\types.ts","statementMap":{},"fnMap":{},"branchMap":{},"s":{},"f":{},"b":{},"meta":{"lastBranch":0,"lastFunction":0,"lastStatement":0,"seen":{}}}
,"C:\\Users\\fabio\\OneDrive\\Documents\\GitHub\\Ouvidoria-digital\\apps\\api\\src\\utils\\csv.ts": {"path":"C:\\Users\\fabio\\OneDrive\\Documents\\GitHub\\Ouvidoria-digital\\apps\\api\\src\\utils\\csv.ts","statementMap":{"0":{"start":{"line":1,"column":21},"end":{"line":19,"column":null}},"1":{"start":{"line":2,"column":2},"end":{"line":4,"column":null}},"2":{"start":{"line":3,"column":4},"end":{"line":3,"column":null}},"3":{"start":{"line":6,"column":18},"end":{"line":6,"column":null}},"4":{"start":{"line":7,"column":22},"end":{"line":11,"column":null}},"5":{"start":{"line":8,"column":16},"end":{"line":8,"column":null}},"6":{"start":{"line":9,"column":20},"end":{"line":9,"column":null}},"7":{"start":{"line":10,"column":4},"end":{"line":10,"column":null}},"8":{"start":{"line":13,"column":16},"end":{"line":13,"column":null}},"9":{"start":{"line":14,"column":2},"end":{"line":16,"column":null}},"10":{"start":{"line":15,"column":4},"end":{"line":15,"column":null}},"11":{"start":{"line":15,"column":39},"end":{"line":15,"column":63}},"12":{"start":{"line":18,"column":2},"end":{"line":18,"column":null}}},"fnMap":{"0":{"name":"(anonymous_0)","decl":{"start":{"line":1,"column":21},"end":{"line":1,"column":22}},"loc":{"start":{"line":1,"column":58},"end":{"line":19,"column":null}},"line":1},"1":{"name":"(anonymous_1)","decl":{"start":{"line":7,"column":22},"end":{"line":7,"column":23}},"loc":{"start":{"line":7,"column":42},"end":{"line":11,"column":null}},"line":7},"2":{"name":"(anonymous_2)","decl":{"start":{"line":15,"column":27},"end":{"line":15,"column":28}},"loc":{"start":{"line":15,"column":39},"end":{"line":15,"column":63}},"line":15}},"branchMap":{"0":{"loc":{"start":{"line":2,"column":2},"end":{"line":4,"column":null}},"type":"if","locations":[{"start":{"line":2,"column":2},"end":{"line":4,"column":null}},{"start":{},"end":{}}],"line":2},"1":{"loc":{"start":{"line":8,"column":16},"end":{"line":8,"column":null}},"type":"cond-expr","locations":[{"start":{"line":8,"column":56},"end":{"line":8,"column":61}},{"start":{"line":8,"column":61},"end":{"line":8,"column":null}}],"line":8},"2":{"loc":{"start":{"line":8,"column":16},"end":{"line":8,"column":56}},"type":"binary-expr","locations":[{"start":{"line":8,"column":16},"end":{"line":8,"column":34}},{"start":{"line":8,"column":34},"end":{"line":8,"column":56}}],"line":8}},"s":{"0":0,"1":0,"2":0,"3":0,"4":0,"5":0,"6":0,"7":0,"8":0,"9":0,"10":0,"11":0,"12":0},"f":{"0":0,"1":0,"2":0},"b":{"0":[0,0],"1":[0,0],"2":[0,0]},"meta":{"lastBranch":3,"lastFunction":3,"lastStatement":13,"seen":{"s:1:21:19:Infinity":0,"f:1:21:1:22":0,"b:2:2:4:Infinity:undefined:undefined:undefined:undefined":0,"s:2:2:4:Infinity":1,"s:3:4:3:Infinity":2,"s:6:18:6:Infinity":3,"s:7:22:11:Infinity":4,"f:7:22:7:23":1,"s:8:16:8:Infinity":5,"b:8:56:8:61:8:61:8:Infinity":1,"b:8:16:8:34:8:34:8:56":2,"s:9:20:9:Infinity":6,"s:10:4:10:Infinity":7,"s:13:16:13:Infinity":8,"s:14:2:16:Infinity":9,"s:15:4:15:Infinity":10,"f:15:27:15:28":2,"s:15:39:15:63":11,"s:18:2:18:Infinity":12}}}
}
